<?xml version="1.0" encoding="UTF-8"?>
<testng-results skipped="0" failed="0" total="1" passed="1">
  <reporter-output>
  </reporter-output>
  <suite name="Default suite" duration-ms="14558" started-at="2017-01-22T13:14:38Z" finished-at="2017-01-22T13:14:52Z">
    <groups>
    </groups>
    <test name="Default test" duration-ms="14558" started-at="2017-01-22T13:14:38Z" finished-at="2017-01-22T13:14:52Z">
      <class name="testcases.VerifyHomePagewithReport">
        <test-method status="PASS" signature="startup()[pri:0, instance:testcases.VerifyHomePagewithReport@91161c7]" name="startup" is-config="true" duration-ms="7638" started-at="2017-01-22T18:44:38Z" finished-at="2017-01-22T18:44:45Z">
          <reporter-output>
          </reporter-output>
        </test-method> <!-- startup -->
        <test-method status="PASS" signature="testapp()[pri:0, instance:testcases.VerifyHomePagewithReport@91161c7]" name="testapp" duration-ms="4589" started-at="2017-01-22T18:44:45Z" finished-at="2017-01-22T18:44:50Z">
          <reporter-output>
          </reporter-output>
        </test-method> <!-- testapp -->
        <test-method status="PASS" signature="shutdown(org.testng.ITestResult)[pri:0, instance:testcases.VerifyHomePagewithReport@91161c7]" name="shutdown" is-config="true" duration-ms="2302" started-at="2017-01-22T18:44:50Z" finished-at="2017-01-22T18:44:52Z">
          <params>
            <param index="0">
              <value>
                <![CDATA[[TestResult name=testapp status=SUCCESS method=VerifyHomePagewithReport.testapp()[pri:0, instance:testcases.VerifyHomePagewithReport@91161c7] output={null}]]]>
              </value>
            </param>
          </params>
          <reporter-output>
          </reporter-output>
        </test-method> <!-- shutdown -->
      </class> <!-- testcases.VerifyHomePagewithReport -->
    </test> <!-- Default test -->
  </suite> <!-- Default suite -->
</testng-results>
